{
  "stats": {
    "suites": 1,
    "tests": 1,
    "passes": 0,
    "pending": 0,
    "failures": 1,
    "start": "2021-04-27T09:44:21.549Z",
    "end": "2021-04-27T09:44:22.825Z",
    "duration": 1276,
    "testsRegistered": 5,
    "passPercent": 0,
    "pendingPercent": 0,
    "other": 0,
    "hasOther": false,
    "skipped": 4,
    "hasSkipped": true
  },
  "results": [
    {
      "uuid": "ff1091a0-4554-4161-acdb-b3b3eaa86d0d",
      "title": "",
      "fullFile": "cypress/integration/percy.spec.js",
      "file": "cypress/integration/percy.spec.js",
      "beforeHooks": [],
      "afterHooks": [],
      "tests": [],
      "suites": [
        {
          "uuid": "65229092-0f5a-4f5e-944b-213faffebc5a",
          "title": "Testsuite",
          "fullFile": "",
          "file": "",
          "beforeHooks": [],
          "afterHooks": [],
          "tests": [
            {
              "title": "Login and logout",
              "fullTitle": "Testsuite Login and logout",
              "timedOut": null,
              "duration": 920,
              "state": "failed",
              "speed": null,
              "pass": false,
              "fail": true,
              "pending": false,
              "context": null,
              "code": "indexPage.logoutUser(\"Login\");",
              "err": {
                "message": "TypeError: cy.percySnapshot is not a function\n\nBecause this error occurred during a `before each` hook we are skipping the remaining tests in the current suite: `Testsuite`",
                "estack": "TypeError: cy.percySnapshot is not a function\n\nBecause this error occurred during a `before each` hook we are skipping the remaining tests in the current suite: `Testsuite`\n    at Context.eval (http://localhost:3000/__cypress/tests?p=cypress/integration/percy.spec.js:220:8)",
                "diff": null
              },
              "uuid": "5313e4e4-963e-450c-a22b-23d2e886abd8",
              "parentUUID": "65229092-0f5a-4f5e-944b-213faffebc5a",
              "isHook": false,
              "skipped": false
            },
            {
              "title": "Create client and verify",
              "fullTitle": "Testsuite Create client and verify",
              "timedOut": null,
              "duration": 0,
              "state": "skipped",
              "speed": null,
              "pass": false,
              "fail": false,
              "pending": false,
              "context": null,
              "code": "indexPage.viewClients(\"Clients\");\nclientsPage.viewClientNew(\"New Client\");\nclientNewPage.createClient(\"tester\", \"tester@mail.com\", \"12345678\", \"Clients\");\nclientsPage.verifyLastClient(\"tester\", \"tester@mail.com\", \"12345678\");\nclientsPage.deleteLastClient();\nindexPage.logoutUser(\"Login\");",
              "err": {},
              "uuid": "31bb54c1-9dd6-4d5a-9b67-151d23fb8c70",
              "parentUUID": "65229092-0f5a-4f5e-944b-213faffebc5a",
              "isHook": false,
              "skipped": true
            },
            {
              "title": "Create bill and verify",
              "fullTitle": "Testsuite Create bill and verify",
              "timedOut": null,
              "duration": 0,
              "state": "skipped",
              "speed": null,
              "pass": false,
              "fail": false,
              "pending": false,
              "context": null,
              "code": "indexPage.viewBills(\"Bills\");\nbillsPage.viewBillNew(\"New Bill\");\nbillNewPage.createBill(\"1000\", \"Bills\");\nbillsPage.verifyLastBill(\"2\", \"1000\", \"No\", \"Bills\");\nbillsPage.deleteLastBill();\nindexPage.logoutUser(\"Login\");",
              "err": {},
              "uuid": "9e6a9c0d-469d-4dfc-af32-6e71213a30c5",
              "parentUUID": "65229092-0f5a-4f5e-944b-213faffebc5a",
              "isHook": false,
              "skipped": true
            },
            {
              "title": "Create room and verify",
              "fullTitle": "Testsuite Create room and verify",
              "timedOut": null,
              "duration": 0,
              "state": "skipped",
              "speed": null,
              "pass": false,
              "fail": false,
              "pending": false,
              "context": null,
              "code": "indexPage.viewRooms(\"Rooms\");\nroomsPage.viewRoomNew(\"New Room\");\nroomNewPage.createRoom(\"3\", \"3\", \"3\", \"1200\", \"Rooms\");\nroomsPage.verifyLastRoom(\"3\", \"3\", \"3\", \"1200\", \"true\", \"balcony\");\nroomsPage.deleteLastRoom();\nindexPage.logoutUser(\"Login\");",
              "err": {},
              "uuid": "a280c913-5dc9-49b2-a160-164c6609aa5e",
              "parentUUID": "65229092-0f5a-4f5e-944b-213faffebc5a",
              "isHook": false,
              "skipped": true
            },
            {
              "title": "Delete a bill",
              "fullTitle": "Testsuite Delete a bill",
              "timedOut": null,
              "duration": 0,
              "state": "skipped",
              "speed": null,
              "pass": false,
              "fail": false,
              "pending": false,
              "context": null,
              "code": "indexPage.viewBills(\"Bills\");\nbillsPage.deleteLastBill();\nindexPage.logoutUser(\"Login\");",
              "err": {},
              "uuid": "4234a704-5172-4b76-8e73-d4a3ed1779e8",
              "parentUUID": "65229092-0f5a-4f5e-944b-213faffebc5a",
              "isHook": false,
              "skipped": true
            }
          ],
          "suites": [],
          "passes": [],
          "failures": [
            "5313e4e4-963e-450c-a22b-23d2e886abd8"
          ],
          "pending": [],
          "skipped": [
            "31bb54c1-9dd6-4d5a-9b67-151d23fb8c70",
            "9e6a9c0d-469d-4dfc-af32-6e71213a30c5",
            "a280c913-5dc9-49b2-a160-164c6609aa5e",
            "4234a704-5172-4b76-8e73-d4a3ed1779e8"
          ],
          "duration": 920,
          "root": false,
          "rootEmpty": false,
          "_timeout": 2000
        }
      ],
      "passes": [],
      "failures": [],
      "pending": [],
      "skipped": [],
      "duration": 0,
      "root": true,
      "rootEmpty": true,
      "_timeout": 2000
    }
  ],
  "meta": {
    "mocha": {
      "version": "7.0.1"
    },
    "mochawesome": {
      "options": {
        "quiet": false,
        "reportFilename": "mochawesome",
        "saveHtml": false,
        "saveJson": true,
        "consoleReporter": "spec",
        "useInlineDiffs": false,
        "code": true
      },
      "version": "6.2.2"
    },
    "marge": {
      "options": {
        "reportDir": "cypress/results",
        "overwrite": false,
        "html": false,
        "json": true
      },
      "version": "5.2.0"
    }
  }
}