{
  "stats": {
    "suites": 1,
    "tests": 5,
    "passes": 4,
    "pending": 0,
    "failures": 1,
    "start": "2021-04-27T11:01:41.711Z",
    "end": "2021-04-27T11:02:11.187Z",
    "duration": 29476,
    "testsRegistered": 5,
    "passPercent": 80,
    "pendingPercent": 0,
    "other": 0,
    "hasOther": false,
    "skipped": 0,
    "hasSkipped": false
  },
  "results": [
    {
      "uuid": "271f2b0f-a03e-4453-8e1b-09dad590f82f",
      "title": "",
      "fullFile": "cypress/integration/percy.spec.js",
      "file": "cypress/integration/percy.spec.js",
      "beforeHooks": [],
      "afterHooks": [],
      "tests": [],
      "suites": [
        {
          "uuid": "661d6dc3-2916-4d1a-bbca-b1a71dfb973c",
          "title": "Testsuite",
          "fullFile": "",
          "file": "",
          "beforeHooks": [],
          "afterHooks": [],
          "tests": [
            {
              "title": "Login and logout",
              "fullTitle": "Testsuite Login and logout",
              "timedOut": null,
              "duration": 5224,
              "state": "passed",
              "speed": "slow",
              "pass": true,
              "fail": false,
              "pending": false,
              "context": null,
              "code": "indexPage.logoutUser(\"Login\");",
              "err": {},
              "uuid": "25fba0d2-9089-4a6e-8f45-1099735aed92",
              "parentUUID": "661d6dc3-2916-4d1a-bbca-b1a71dfb973c",
              "isHook": false,
              "skipped": false
            },
            {
              "title": "Create client and verify",
              "fullTitle": "Testsuite Create client and verify",
              "timedOut": null,
              "duration": 5499,
              "state": "passed",
              "speed": "slow",
              "pass": true,
              "fail": false,
              "pending": false,
              "context": null,
              "code": "indexPage.viewClients(\"Clients\");\nclientsPage.viewClientNew(\"New Client\");\nclientNewPage.createClient(\"tester\", \"tester@mail.com\", \"12345678\", \"Clients\");\nclientsPage.verifyLastClient(\"tester\", \"tester@mail.com\", \"12345678\");\nclientsPage.deleteLastClient();\nindexPage.logoutUser(\"Login\");",
              "err": {},
              "uuid": "755845ba-dcec-4c2c-9370-fc4ab1817894",
              "parentUUID": "661d6dc3-2916-4d1a-bbca-b1a71dfb973c",
              "isHook": false,
              "skipped": false
            },
            {
              "title": "Create bill and verify",
              "fullTitle": "Testsuite Create bill and verify",
              "timedOut": null,
              "duration": 8936,
              "state": "failed",
              "speed": null,
              "pass": false,
              "fail": true,
              "pending": false,
              "context": null,
              "code": "indexPage.viewBills(\"Bills\");\nbillsPage.viewBillNew(\"New Bill\");\nbillNewPage.createBill(\"1000\", \"Bills\");\nbillsPage.verifyLastBill(\"2\", \"1000\", \"No\", \"Bills\");\nbillsPage.deleteLastBill();\nindexPage.logoutUser(\"Login\");",
              "err": {
                "message": "AssertionError: Timed out retrying after 4000ms: expected '<div.card.bill>' to contain '2'",
                "estack": "AssertionError: Timed out retrying after 4000ms: expected '<div.card.bill>' to contain '2'\n    at Object.verifyLastBill (http://localhost:3000/__cypress/tests?p=cypress/integration/percy.spec.js:313:29)\n    at Context.eval (http://localhost:3000/__cypress/tests?p=cypress/integration/percy.spec.js:238:15)",
                "diff": null
              },
              "uuid": "cc1e632f-5dd6-47b9-af4b-852365e17bd5",
              "parentUUID": "661d6dc3-2916-4d1a-bbca-b1a71dfb973c",
              "isHook": false,
              "skipped": false
            },
            {
              "title": "Create room and verify",
              "fullTitle": "Testsuite Create room and verify",
              "timedOut": null,
              "duration": 5612,
              "state": "passed",
              "speed": "slow",
              "pass": true,
              "fail": false,
              "pending": false,
              "context": null,
              "code": "indexPage.viewRooms(\"Rooms\");\nroomsPage.viewRoomNew(\"New Room\");\nroomNewPage.createRoom(\"3\", \"3\", \"3\", \"1200\", \"Rooms\");\nroomsPage.verifyLastRoom(\"3\", \"3\", \"3\", \"1200\", \"true\", \"balcony\");\nroomsPage.deleteLastRoom();\nindexPage.logoutUser(\"Login\");",
              "err": {},
              "uuid": "a3d4761c-600d-49f6-b2de-d380797dc8ac",
              "parentUUID": "661d6dc3-2916-4d1a-bbca-b1a71dfb973c",
              "isHook": false,
              "skipped": false
            },
            {
              "title": "Delete a bill",
              "fullTitle": "Testsuite Delete a bill",
              "timedOut": null,
              "duration": 3986,
              "state": "passed",
              "speed": "slow",
              "pass": true,
              "fail": false,
              "pending": false,
              "context": null,
              "code": "indexPage.viewBills(\"Bills\");\nbillsPage.deleteLastBill();\nindexPage.logoutUser(\"Login\");",
              "err": {},
              "uuid": "f9dead03-3ee2-4ee8-87c9-bd0b44b13840",
              "parentUUID": "661d6dc3-2916-4d1a-bbca-b1a71dfb973c",
              "isHook": false,
              "skipped": false
            }
          ],
          "suites": [],
          "passes": [
            "25fba0d2-9089-4a6e-8f45-1099735aed92",
            "755845ba-dcec-4c2c-9370-fc4ab1817894",
            "a3d4761c-600d-49f6-b2de-d380797dc8ac",
            "f9dead03-3ee2-4ee8-87c9-bd0b44b13840"
          ],
          "failures": [
            "cc1e632f-5dd6-47b9-af4b-852365e17bd5"
          ],
          "pending": [],
          "skipped": [],
          "duration": 29257,
          "root": false,
          "rootEmpty": false,
          "_timeout": 2000
        }
      ],
      "passes": [],
      "failures": [],
      "pending": [],
      "skipped": [],
      "duration": 0,
      "root": true,
      "rootEmpty": true,
      "_timeout": 2000
    }
  ],
  "meta": {
    "mocha": {
      "version": "7.0.1"
    },
    "mochawesome": {
      "options": {
        "quiet": false,
        "reportFilename": "mochawesome",
        "saveHtml": false,
        "saveJson": true,
        "consoleReporter": "spec",
        "useInlineDiffs": false,
        "code": true
      },
      "version": "6.2.2"
    },
    "marge": {
      "options": {
        "reportDir": "cypress/results",
        "overwrite": false,
        "html": false,
        "json": true
      },
      "version": "5.2.0"
    }
  }
}