{
  "stats": {
    "suites": 1,
    "tests": 5,
    "passes": 5,
    "pending": 0,
    "failures": 0,
    "start": "2021-04-27T11:59:31.810Z",
    "end": "2021-04-27T11:59:50.655Z",
    "duration": 18845,
    "testsRegistered": 5,
    "passPercent": 100,
    "pendingPercent": 0,
    "other": 0,
    "hasOther": false,
    "skipped": 0,
    "hasSkipped": false
  },
  "results": [
    {
      "uuid": "33353fb3-19be-4abc-9752-3f946ab689c3",
      "title": "",
      "fullFile": "cypress/integration/percy.spec.js",
      "file": "cypress/integration/percy.spec.js",
      "beforeHooks": [],
      "afterHooks": [],
      "tests": [],
      "suites": [
        {
          "uuid": "f9c8cdb6-e63b-4f7d-b023-a1f862c39a80",
          "title": "Testsuite",
          "fullFile": "",
          "file": "",
          "beforeHooks": [],
          "afterHooks": [],
          "tests": [
            {
              "title": "Login and logout",
              "fullTitle": "Testsuite Login and logout",
              "timedOut": null,
              "duration": 3474,
              "state": "passed",
              "speed": "slow",
              "pass": true,
              "fail": false,
              "pending": false,
              "context": null,
              "code": "indexPage.logoutUser(\"Login\");",
              "err": {},
              "uuid": "d6267e6a-6b6d-4eab-95d2-24b4e923130f",
              "parentUUID": "f9c8cdb6-e63b-4f7d-b023-a1f862c39a80",
              "isHook": false,
              "skipped": false
            },
            {
              "title": "Create client and verify",
              "fullTitle": "Testsuite Create client and verify",
              "timedOut": null,
              "duration": 4495,
              "state": "passed",
              "speed": "slow",
              "pass": true,
              "fail": false,
              "pending": false,
              "context": null,
              "code": "indexPage.viewClients(\"Clients\");\nclientsPage.viewClientNew(\"New Client\");\ncy.percySnapshot('ncpg');\nclientNewPage.createClient(\"tester\", \"tester@mail.com\", \"12345678\", \"Clients\");\nclientsPage.verifyLastClient(\"tester\", \"tester@mail.com\", \"12345678\");\nclientsPage.deleteLastClient();\nindexPage.logoutUser(\"Login\");",
              "err": {},
              "uuid": "663cab89-4b52-438c-88fa-bde39aac10de",
              "parentUUID": "f9c8cdb6-e63b-4f7d-b023-a1f862c39a80",
              "isHook": false,
              "skipped": false
            },
            {
              "title": "Create bill and verify",
              "fullTitle": "Testsuite Create bill and verify",
              "timedOut": null,
              "duration": 3521,
              "state": "passed",
              "speed": "slow",
              "pass": true,
              "fail": false,
              "pending": false,
              "context": null,
              "code": "indexPage.viewBills(\"Bills\");\nbillsPage.viewBillNew(\"New Bill\");\nbillNewPage.createBill(\"1000\", \"Bills\");\nbillsPage.verifyLastBill(\"2\", \"1000\", \"No\", \"Bills\");\nbillsPage.deleteLastBill();\nindexPage.logoutUser(\"Login\");",
              "err": {},
              "uuid": "d06ce9d1-73bb-42d3-8b9d-1084742cfc50",
              "parentUUID": "f9c8cdb6-e63b-4f7d-b023-a1f862c39a80",
              "isHook": false,
              "skipped": false
            },
            {
              "title": "Create room and verify",
              "fullTitle": "Testsuite Create room and verify",
              "timedOut": null,
              "duration": 4330,
              "state": "passed",
              "speed": "slow",
              "pass": true,
              "fail": false,
              "pending": false,
              "context": null,
              "code": "indexPage.viewRooms(\"Rooms\");\nroomsPage.viewRoomNew(\"New Room\");\nroomNewPage.createRoom(\"3\", \"3\", \"3\", \"1200\", \"Rooms\");\nroomsPage.verifyLastRoom(\"3\", \"3\", \"3\", \"1200\", \"true\", \"balcony\");\nroomsPage.deleteLastRoom();\nindexPage.logoutUser(\"Login\");",
              "err": {},
              "uuid": "a0e02e71-f0ec-440f-88fb-05cd723e3505",
              "parentUUID": "f9c8cdb6-e63b-4f7d-b023-a1f862c39a80",
              "isHook": false,
              "skipped": false
            },
            {
              "title": "Delete a bill",
              "fullTitle": "Testsuite Delete a bill",
              "timedOut": null,
              "duration": 2936,
              "state": "passed",
              "speed": "slow",
              "pass": true,
              "fail": false,
              "pending": false,
              "context": null,
              "code": "indexPage.viewBills(\"Bills\");\nbillsPage.deleteLastBill();\nindexPage.logoutUser(\"Login\");",
              "err": {},
              "uuid": "62404b64-37a2-4b09-8fdc-5abe1b908e67",
              "parentUUID": "f9c8cdb6-e63b-4f7d-b023-a1f862c39a80",
              "isHook": false,
              "skipped": false
            }
          ],
          "suites": [],
          "passes": [
            "d6267e6a-6b6d-4eab-95d2-24b4e923130f",
            "663cab89-4b52-438c-88fa-bde39aac10de",
            "d06ce9d1-73bb-42d3-8b9d-1084742cfc50",
            "a0e02e71-f0ec-440f-88fb-05cd723e3505",
            "62404b64-37a2-4b09-8fdc-5abe1b908e67"
          ],
          "failures": [],
          "pending": [],
          "skipped": [],
          "duration": 18756,
          "root": false,
          "rootEmpty": false,
          "_timeout": 2000
        }
      ],
      "passes": [],
      "failures": [],
      "pending": [],
      "skipped": [],
      "duration": 0,
      "root": true,
      "rootEmpty": true,
      "_timeout": 2000
    }
  ],
  "meta": {
    "mocha": {
      "version": "7.0.1"
    },
    "mochawesome": {
      "options": {
        "quiet": false,
        "reportFilename": "mochawesome",
        "saveHtml": false,
        "saveJson": true,
        "consoleReporter": "spec",
        "useInlineDiffs": false,
        "code": true
      },
      "version": "6.2.2"
    },
    "marge": {
      "options": {
        "reportDir": "cypress/results",
        "overwrite": false,
        "html": false,
        "json": true
      },
      "version": "5.2.0"
    }
  }
}