{
  "stats": {
    "suites": 1,
    "tests": 1,
    "passes": 0,
    "pending": 0,
    "failures": 1,
    "start": "2021-04-27T12:00:22.949Z",
    "end": "2021-04-27T12:00:33.087Z",
    "duration": 10138,
    "testsRegistered": 1,
    "passPercent": 0,
    "pendingPercent": 0,
    "other": 0,
    "hasOther": false,
    "skipped": 0,
    "hasSkipped": false
  },
  "results": [
    {
      "uuid": "a9678abc-bada-4db4-b3e2-6a8a4c7ea764",
      "title": "",
      "fullFile": "cypress/integration/skapaenräkning.js",
      "file": "cypress/integration/skapaenräkning.js",
      "beforeHooks": [],
      "afterHooks": [],
      "tests": [],
      "suites": [
        {
          "uuid": "cd966908-e970-4c80-a1f7-4c3dbe23462f",
          "title": "Create a bill ",
          "fullFile": "",
          "file": "",
          "beforeHooks": [],
          "afterHooks": [],
          "tests": [
            {
              "title": "(Skapaenräkning)",
              "fullTitle": "Create a bill  (Skapaenräkning)",
              "timedOut": null,
              "duration": 9949,
              "state": "failed",
              "speed": null,
              "pass": false,
              "fail": true,
              "pending": false,
              "context": null,
              "code": "cy.visit(\"http://localhost:3000\"); //Verifiera titeln\ncy.get('h2').should(\"contain\", \"Login\"); //Skriv in i formulär - inloggninsupg\ncy.get(':nth-child(1) > input').type('tester01');\ncy.get(':nth-child(2) > input').type('GteteqbQQgSr88SwNExUQv2ydb7xuf8c'); //Klicka på log in knapp\ncy.get('.btn').click();\ncy.wait(500); //försäkra att jag är på rätt sida?\ncy.get(\".username\").should(\"contain\", \"Welcome tester01!\"); //kolla att jag är på starsida\ncy.get(\"h2\").should(\"contain\", \"Tester Hotel Overview\"); //Klicka in på Bills\ncy.get(':nth-child(3) > .btn').click();\ncy.get('h2').should(\"contain\", \"Bills\"); //klicka på knapp\ncy.get('h2 > .btn').click();\ncy.get(\"h2\").should(\"contain\", \"New Bill\");\ncy.percySnapshot('newbpg'); //skriv in 1000\ncy.get('input').type(\"1000\"); //fyll i checkbox\ncy.get('.checkbox').click(); //klicka på Save knappen\ncy.get('.blue').click(); //försäkra om rätt sida\ncy.get(\"h2\").should(\"contain\", \"Bills\"); //logga ut\ncy.get('.user > .btn').click();",
              "err": {
                "message": "AssertionError: Timed out retrying after 4000ms: expected '<h2>' to contain 'Bills'",
                "estack": "AssertionError: Timed out retrying after 4000ms: expected '<h2>' to contain 'Bills'\n    at Context.eval (http://localhost:3000/__cypress/tests?p=cypress/integration/skapaenräkning.js:130:18)",
                "diff": null
              },
              "uuid": "7dbb8f2d-bbde-47d8-82ef-3d521744ee6f",
              "parentUUID": "cd966908-e970-4c80-a1f7-4c3dbe23462f",
              "isHook": false,
              "skipped": false
            }
          ],
          "suites": [],
          "passes": [],
          "failures": [
            "7dbb8f2d-bbde-47d8-82ef-3d521744ee6f"
          ],
          "pending": [],
          "skipped": [],
          "duration": 9949,
          "root": false,
          "rootEmpty": false,
          "_timeout": 2000
        }
      ],
      "passes": [],
      "failures": [],
      "pending": [],
      "skipped": [],
      "duration": 0,
      "root": true,
      "rootEmpty": true,
      "_timeout": 2000
    }
  ],
  "meta": {
    "mocha": {
      "version": "7.0.1"
    },
    "mochawesome": {
      "options": {
        "quiet": false,
        "reportFilename": "mochawesome",
        "saveHtml": false,
        "saveJson": true,
        "consoleReporter": "spec",
        "useInlineDiffs": false,
        "code": true
      },
      "version": "6.2.2"
    },
    "marge": {
      "options": {
        "reportDir": "cypress/results",
        "overwrite": false,
        "html": false,
        "json": true
      },
      "version": "5.2.0"
    }
  }
}