{
  "stats": {
    "suites": 1,
    "tests": 5,
    "passes": 5,
    "pending": 0,
    "failures": 0,
    "start": "2021-04-27T15:09:06.793Z",
    "end": "2021-04-27T15:09:24.932Z",
    "duration": 18139,
    "testsRegistered": 5,
    "passPercent": 100,
    "pendingPercent": 0,
    "other": 0,
    "hasOther": false,
    "skipped": 0,
    "hasSkipped": false
  },
  "results": [
    {
      "uuid": "9088c8c0-9ad5-4b23-992a-8a1dd4487718",
      "title": "",
      "fullFile": "cypress/integration/percy.spec.js",
      "file": "cypress/integration/percy.spec.js",
      "beforeHooks": [],
      "afterHooks": [],
      "tests": [],
      "suites": [
        {
          "uuid": "dfdeb4ce-69dc-4000-89b6-970ed20179e5",
          "title": "Testsuite",
          "fullFile": "",
          "file": "",
          "beforeHooks": [],
          "afterHooks": [],
          "tests": [
            {
              "title": "Login and logout",
              "fullTitle": "Testsuite Login and logout",
              "timedOut": null,
              "duration": 3177,
              "state": "passed",
              "speed": "slow",
              "pass": true,
              "fail": false,
              "pending": false,
              "context": null,
              "code": "indexPage.logoutUser(\"Login\");",
              "err": {},
              "uuid": "21f7e335-df76-4c5e-b428-a7a1271fe740",
              "parentUUID": "dfdeb4ce-69dc-4000-89b6-970ed20179e5",
              "isHook": false,
              "skipped": false
            },
            {
              "title": "Create client and verify",
              "fullTitle": "Testsuite Create client and verify",
              "timedOut": null,
              "duration": 4297,
              "state": "passed",
              "speed": "slow",
              "pass": true,
              "fail": false,
              "pending": false,
              "context": null,
              "code": "indexPage.viewClients(\"Clients\");\ncy.percySnapshot('ncpg');\nclientsPage.viewClientNew(\"New Client\");\nclientNewPage.createClient(\"tester\", \"tester@mail.com\", \"12345678\", \"Clients\");\nclientsPage.verifyLastClient(\"tester\", \"tester@mail.com\", \"12345678\");\nclientsPage.deleteLastClient();\nindexPage.logoutUser(\"Login\");",
              "err": {},
              "uuid": "e204d7c1-79b7-4af9-ade1-c47cf7029f77",
              "parentUUID": "dfdeb4ce-69dc-4000-89b6-970ed20179e5",
              "isHook": false,
              "skipped": false
            },
            {
              "title": "Create bill and verify",
              "fullTitle": "Testsuite Create bill and verify",
              "timedOut": null,
              "duration": 3959,
              "state": "passed",
              "speed": "slow",
              "pass": true,
              "fail": false,
              "pending": false,
              "context": null,
              "code": "indexPage.viewBills(\"Bills\");\nbillsPage.viewBillNew(\"New Bill\");\ncy.wait(500);\nbillNewPage.createBill(\"1000\", \"Bills\");\nbillsPage.verifyLastBill(\"2\", \"1000\", \"No\", \"Bills\");\nbillsPage.deleteLastBill();\nindexPage.logoutUser(\"Login\");",
              "err": {},
              "uuid": "5ac51b2a-e4f0-4ddb-a291-2ff5922d7e12",
              "parentUUID": "dfdeb4ce-69dc-4000-89b6-970ed20179e5",
              "isHook": false,
              "skipped": false
            },
            {
              "title": "Create room and verify",
              "fullTitle": "Testsuite Create room and verify",
              "timedOut": null,
              "duration": 3848,
              "state": "passed",
              "speed": "slow",
              "pass": true,
              "fail": false,
              "pending": false,
              "context": null,
              "code": "indexPage.viewRooms(\"Rooms\");\ncy.percySnapshot('nrpg');\nroomsPage.viewRoomNew(\"New Room\");\nroomNewPage.createRoom(\"3\", \"3\", \"3\", \"1200\", \"Rooms\");\nroomsPage.verifyLastRoom(\"3\", \"3\", \"3\", \"1200\", \"true\", \"balcony\");\nroomsPage.deleteLastRoom();\nindexPage.logoutUser(\"Login\");",
              "err": {},
              "uuid": "6a14415d-e65d-4ed8-a218-126d88365bc2",
              "parentUUID": "dfdeb4ce-69dc-4000-89b6-970ed20179e5",
              "isHook": false,
              "skipped": false
            },
            {
              "title": "Delete a bill",
              "fullTitle": "Testsuite Delete a bill",
              "timedOut": null,
              "duration": 2780,
              "state": "passed",
              "speed": "slow",
              "pass": true,
              "fail": false,
              "pending": false,
              "context": null,
              "code": "indexPage.viewBills(\"Bills\");\nbillsPage.deleteLastBill();\nindexPage.logoutUser(\"Login\");",
              "err": {},
              "uuid": "a3f5d90c-1c9b-471c-aff2-6dd6c3980811",
              "parentUUID": "dfdeb4ce-69dc-4000-89b6-970ed20179e5",
              "isHook": false,
              "skipped": false
            }
          ],
          "suites": [],
          "passes": [
            "21f7e335-df76-4c5e-b428-a7a1271fe740",
            "e204d7c1-79b7-4af9-ade1-c47cf7029f77",
            "5ac51b2a-e4f0-4ddb-a291-2ff5922d7e12",
            "6a14415d-e65d-4ed8-a218-126d88365bc2",
            "a3f5d90c-1c9b-471c-aff2-6dd6c3980811"
          ],
          "failures": [],
          "pending": [],
          "skipped": [],
          "duration": 18061,
          "root": false,
          "rootEmpty": false,
          "_timeout": 2000
        }
      ],
      "passes": [],
      "failures": [],
      "pending": [],
      "skipped": [],
      "duration": 0,
      "root": true,
      "rootEmpty": true,
      "_timeout": 2000
    }
  ],
  "meta": {
    "mocha": {
      "version": "7.0.1"
    },
    "mochawesome": {
      "options": {
        "quiet": false,
        "reportFilename": "mochawesome",
        "saveHtml": false,
        "saveJson": true,
        "consoleReporter": "spec",
        "useInlineDiffs": false,
        "code": true
      },
      "version": "6.2.2"
    },
    "marge": {
      "options": {
        "reportDir": "cypress/results",
        "overwrite": false,
        "html": false,
        "json": true
      },
      "version": "5.2.0"
    }
  }
}