{
  "stats": {
    "suites": 1,
    "tests": 5,
    "passes": 5,
    "pending": 0,
    "failures": 0,
    "start": "2021-04-29T09:45:20.347Z",
    "end": "2021-04-29T09:45:38.217Z",
    "duration": 17870,
    "testsRegistered": 5,
    "passPercent": 100,
    "pendingPercent": 0,
    "other": 0,
    "hasOther": false,
    "skipped": 0,
    "hasSkipped": false
  },
  "results": [
    {
      "uuid": "1d30ebc5-056a-490b-a518-be4239fc9833",
      "title": "",
      "fullFile": "cypress/integration/percy.spec.js",
      "file": "cypress/integration/percy.spec.js",
      "beforeHooks": [],
      "afterHooks": [],
      "tests": [],
      "suites": [
        {
          "uuid": "22f413e9-a102-4540-b5b8-db6ca1fe2d51",
          "title": "Testsuite",
          "fullFile": "",
          "file": "",
          "beforeHooks": [],
          "afterHooks": [],
          "tests": [
            {
              "title": "Login and logout",
              "fullTitle": "Testsuite Login and logout",
              "timedOut": null,
              "duration": 3616,
              "state": "passed",
              "speed": "slow",
              "pass": true,
              "fail": false,
              "pending": false,
              "context": null,
              "code": "indexPage.logoutUser(\"Login\");\ncy.percySnapshot('test1');",
              "err": {},
              "uuid": "86a9479f-ec8d-4c4f-a51b-b809a78e9f9d",
              "parentUUID": "22f413e9-a102-4540-b5b8-db6ca1fe2d51",
              "isHook": false,
              "skipped": false
            },
            {
              "title": "Create client and verify",
              "fullTitle": "Testsuite Create client and verify",
              "timedOut": null,
              "duration": 4034,
              "state": "passed",
              "speed": "slow",
              "pass": true,
              "fail": false,
              "pending": false,
              "context": null,
              "code": "indexPage.viewClients(\"Clients\");\nclientsPage.viewClientNew(\"New Client\");\ncy.percySnapshot('ncpg');\nclientNewPage.createClient(\"tester\", \"tester@mail.com\", \"12345678\", \"Clients\");\nclientsPage.verifyLastClient(\"tester\", \"tester@mail.com\", \"12345678\");\nclientsPage.deleteLastClient();\nindexPage.logoutUser(\"Login\");",
              "err": {},
              "uuid": "a5b779c9-524e-48c7-88bc-494a69713771",
              "parentUUID": "22f413e9-a102-4540-b5b8-db6ca1fe2d51",
              "isHook": false,
              "skipped": false
            },
            {
              "title": "Create bill and verify",
              "fullTitle": "Testsuite Create bill and verify",
              "timedOut": null,
              "duration": 3539,
              "state": "passed",
              "speed": "slow",
              "pass": true,
              "fail": false,
              "pending": false,
              "context": null,
              "code": "indexPage.viewBills(\"Bills\");\nbillsPage.viewBillNew(\"New Bill\");\ncy.wait(500);\nbillNewPage.createBill(\"1000\", \"Bills\");\nbillsPage.verifyLastBill(\"2\", \"1000\", \"No\", \"Bills\");\nbillsPage.deleteLastBill();\nindexPage.logoutUser(\"Login\");",
              "err": {},
              "uuid": "a6144d9f-f542-4e4d-a2ea-67382283e5a1",
              "parentUUID": "22f413e9-a102-4540-b5b8-db6ca1fe2d51",
              "isHook": false,
              "skipped": false
            },
            {
              "title": "Create room and verify",
              "fullTitle": "Testsuite Create room and verify",
              "timedOut": null,
              "duration": 3730,
              "state": "passed",
              "speed": "slow",
              "pass": true,
              "fail": false,
              "pending": false,
              "context": null,
              "code": "indexPage.viewRooms(\"Rooms\");\nroomsPage.viewRoomNew(\"New Room\");\nroomNewPage.createRoom(\"3\", \"3\", \"3\", \"1200\", \"Rooms\");\nroomsPage.verifyLastRoom(\"3\", \"3\", \"3\", \"1200\", \"true\", \"balcony\");\nroomsPage.deleteLastRoom();\nindexPage.logoutUser(\"Login\");",
              "err": {},
              "uuid": "d70be8d9-a115-4061-b647-58785267f29c",
              "parentUUID": "22f413e9-a102-4540-b5b8-db6ca1fe2d51",
              "isHook": false,
              "skipped": false
            },
            {
              "title": "Delete a bill",
              "fullTitle": "Testsuite Delete a bill",
              "timedOut": null,
              "duration": 2928,
              "state": "passed",
              "speed": "slow",
              "pass": true,
              "fail": false,
              "pending": false,
              "context": null,
              "code": "indexPage.viewBills(\"Bills\");\nbillsPage.viewBillNew(\"New Bill\");\nbillNewPage.createBill(\"1000\", \"Bills\");\nbillsPage.deleteLastBill();\nindexPage.logoutUser(\"Login\");",
              "err": {},
              "uuid": "24133c06-fbe0-4990-9569-15796cea6284",
              "parentUUID": "22f413e9-a102-4540-b5b8-db6ca1fe2d51",
              "isHook": false,
              "skipped": false
            }
          ],
          "suites": [],
          "passes": [
            "86a9479f-ec8d-4c4f-a51b-b809a78e9f9d",
            "a5b779c9-524e-48c7-88bc-494a69713771",
            "a6144d9f-f542-4e4d-a2ea-67382283e5a1",
            "d70be8d9-a115-4061-b647-58785267f29c",
            "24133c06-fbe0-4990-9569-15796cea6284"
          ],
          "failures": [],
          "pending": [],
          "skipped": [],
          "duration": 17847,
          "root": false,
          "rootEmpty": false,
          "_timeout": 2000
        }
      ],
      "passes": [],
      "failures": [],
      "pending": [],
      "skipped": [],
      "duration": 0,
      "root": true,
      "rootEmpty": true,
      "_timeout": 2000
    }
  ],
  "meta": {
    "mocha": {
      "version": "7.0.1"
    },
    "mochawesome": {
      "options": {
        "quiet": false,
        "reportFilename": "mochawesome",
        "saveHtml": true,
        "saveJson": true,
        "consoleReporter": "spec",
        "useInlineDiffs": false,
        "code": true
      },
      "version": "6.2.2"
    },
    "marge": {
      "options": {
        "reportDir": "cypress/results",
        "overwrite": false,
        "html": true,
        "json": true
      },
      "version": "5.2.0"
    }
  }
}