{
  "stats": {
    "suites": 1,
    "tests": 5,
    "passes": 4,
    "pending": 0,
    "failures": 1,
    "start": "2021-04-27T11:02:58.553Z",
    "end": "2021-04-27T11:03:27.409Z",
    "duration": 28856,
    "testsRegistered": 5,
    "passPercent": 80,
    "pendingPercent": 0,
    "other": 0,
    "hasOther": false,
    "skipped": 0,
    "hasSkipped": false
  },
  "results": [
    {
      "uuid": "39f18662-5b65-4585-998e-1a51faf16a1c",
      "title": "",
      "fullFile": "cypress/integration/percy.spec.js",
      "file": "cypress/integration/percy.spec.js",
      "beforeHooks": [],
      "afterHooks": [],
      "tests": [],
      "suites": [
        {
          "uuid": "bde87e50-e40f-47b9-ac1d-71893339f187",
          "title": "Testsuite",
          "fullFile": "",
          "file": "",
          "beforeHooks": [],
          "afterHooks": [],
          "tests": [
            {
              "title": "Login and logout",
              "fullTitle": "Testsuite Login and logout",
              "timedOut": null,
              "duration": 5016,
              "state": "passed",
              "speed": "slow",
              "pass": true,
              "fail": false,
              "pending": false,
              "context": null,
              "code": "indexPage.logoutUser(\"Login\");",
              "err": {},
              "uuid": "2988e67d-ce33-41ac-8fc2-e739bfe3495d",
              "parentUUID": "bde87e50-e40f-47b9-ac1d-71893339f187",
              "isHook": false,
              "skipped": false
            },
            {
              "title": "Create client and verify",
              "fullTitle": "Testsuite Create client and verify",
              "timedOut": null,
              "duration": 5544,
              "state": "passed",
              "speed": "slow",
              "pass": true,
              "fail": false,
              "pending": false,
              "context": null,
              "code": "indexPage.viewClients(\"Clients\");\nclientsPage.viewClientNew(\"New Client\");\nclientNewPage.createClient(\"tester\", \"tester@mail.com\", \"12345678\", \"Clients\");\nclientsPage.verifyLastClient(\"tester\", \"tester@mail.com\", \"12345678\");\nclientsPage.deleteLastClient();\nindexPage.logoutUser(\"Login\");",
              "err": {},
              "uuid": "ebfabfeb-23e0-45c1-8c3d-39334e2e190d",
              "parentUUID": "bde87e50-e40f-47b9-ac1d-71893339f187",
              "isHook": false,
              "skipped": false
            },
            {
              "title": "Create bill and verify",
              "fullTitle": "Testsuite Create bill and verify",
              "timedOut": null,
              "duration": 8658,
              "state": "failed",
              "speed": null,
              "pass": false,
              "fail": true,
              "pending": false,
              "context": null,
              "code": "indexPage.viewBills(\"Bills\");\nbillsPage.viewBillNew(\"New Bill\");\nbillNewPage.createBill(\"1000\", \"Bills\");\nbillsPage.verifyLastBill(\"2\", \"1000\", \"No\", \"Bills\");\nbillsPage.deleteLastBill();\nindexPage.logoutUser(\"Login\");",
              "err": {
                "message": "AssertionError: Timed out retrying after 4000ms: expected '<div.card.bill>' to contain '2'",
                "estack": "AssertionError: Timed out retrying after 4000ms: expected '<div.card.bill>' to contain '2'\n    at Object.verifyLastBill (http://localhost:3000/__cypress/tests?p=cypress/integration/percy.spec.js:313:29)\n    at Context.eval (http://localhost:3000/__cypress/tests?p=cypress/integration/percy.spec.js:238:15)",
                "diff": null
              },
              "uuid": "4713c4dd-0472-4ee6-8f3a-f6e13f29a8b2",
              "parentUUID": "bde87e50-e40f-47b9-ac1d-71893339f187",
              "isHook": false,
              "skipped": false
            },
            {
              "title": "Create room and verify",
              "fullTitle": "Testsuite Create room and verify",
              "timedOut": null,
              "duration": 5438,
              "state": "passed",
              "speed": "slow",
              "pass": true,
              "fail": false,
              "pending": false,
              "context": null,
              "code": "indexPage.viewRooms(\"Rooms\");\nroomsPage.viewRoomNew(\"New Room\");\nroomNewPage.createRoom(\"3\", \"3\", \"3\", \"1200\", \"Rooms\");\nroomsPage.verifyLastRoom(\"3\", \"3\", \"3\", \"1200\", \"true\", \"balcony\");\nroomsPage.deleteLastRoom();\nindexPage.logoutUser(\"Login\");",
              "err": {},
              "uuid": "908e25c3-36cf-4646-81cf-d211c8e1f080",
              "parentUUID": "bde87e50-e40f-47b9-ac1d-71893339f187",
              "isHook": false,
              "skipped": false
            },
            {
              "title": "Delete a bill",
              "fullTitle": "Testsuite Delete a bill",
              "timedOut": null,
              "duration": 3803,
              "state": "passed",
              "speed": "slow",
              "pass": true,
              "fail": false,
              "pending": false,
              "context": null,
              "code": "indexPage.viewBills(\"Bills\");\nbillsPage.deleteLastBill();\nindexPage.logoutUser(\"Login\");",
              "err": {},
              "uuid": "5e19462c-d707-40c3-b98c-c37151dd79ef",
              "parentUUID": "bde87e50-e40f-47b9-ac1d-71893339f187",
              "isHook": false,
              "skipped": false
            }
          ],
          "suites": [],
          "passes": [
            "2988e67d-ce33-41ac-8fc2-e739bfe3495d",
            "ebfabfeb-23e0-45c1-8c3d-39334e2e190d",
            "908e25c3-36cf-4646-81cf-d211c8e1f080",
            "5e19462c-d707-40c3-b98c-c37151dd79ef"
          ],
          "failures": [
            "4713c4dd-0472-4ee6-8f3a-f6e13f29a8b2"
          ],
          "pending": [],
          "skipped": [],
          "duration": 28459,
          "root": false,
          "rootEmpty": false,
          "_timeout": 2000
        }
      ],
      "passes": [],
      "failures": [],
      "pending": [],
      "skipped": [],
      "duration": 0,
      "root": true,
      "rootEmpty": true,
      "_timeout": 2000
    }
  ],
  "meta": {
    "mocha": {
      "version": "7.0.1"
    },
    "mochawesome": {
      "options": {
        "quiet": false,
        "reportFilename": "mochawesome",
        "saveHtml": false,
        "saveJson": true,
        "consoleReporter": "spec",
        "useInlineDiffs": false,
        "code": true
      },
      "version": "6.2.2"
    },
    "marge": {
      "options": {
        "reportDir": "cypress/results",
        "overwrite": false,
        "html": false,
        "json": true
      },
      "version": "5.2.0"
    }
  }
}